TN:
SF:jest.config.ts
FN:1,(empty-report)
FNF:1
FNH:0
FNDA:0,(empty-report)
DA:1,0
DA:2,0
DA:3,0
DA:4,0
DA:5,0
DA:6,0
DA:7,0
DA:8,0
DA:9,0
DA:10,0
DA:11,0
DA:12,0
DA:13,0
DA:14,0
DA:15,0
DA:16,0
DA:17,0
DA:18,0
DA:19,0
DA:20,0
DA:21,0
DA:22,0
DA:23,0
DA:24,0
DA:25,0
DA:26,0
DA:27,0
DA:28,0
DA:29,0
DA:30,0
DA:31,0
DA:32,0
DA:33,0
DA:34,0
DA:35,0
DA:36,0
DA:37,0
DA:38,0
DA:39,0
DA:40,0
DA:41,0
DA:42,0
DA:43,0
DA:44,0
DA:45,0
DA:46,0
LF:46
LH:0
BRDA:1,0,0,0
BRF:1
BRH:0
end_of_record
TN:
SF:middleware\auth.js
FN:4,Object.<anonymous>.module.exports
FNF:1
FNH:1
FNDA:4,Object.<anonymous>.module.exports
DA:1,1
DA:2,1
DA:3,1
DA:4,1
DA:5,4
DA:6,4
DA:7,4
DA:8,4
DA:9,4
DA:10,4
DA:11,4
DA:12,4
DA:13,4
DA:14,1
DA:15,4
DA:16,1
DA:17,1
DA:18,1
DA:19,1
DA:20,4
DA:21,3
DA:22,3
DA:23,4
LF:23
LH:23
BRDA:4,0,0,4
BRDA:13,1,0,1
BRDA:13,2,0,1
BRDA:15,3,0,2
BRDA:15,4,0,1
BRDA:15,5,0,1
BRDA:20,6,0,3
BRF:7
BRH:7
end_of_record
